  stdafx.cpp
  DialogAboutProgram.cpp
d:\visual studio\source\repos\game_bl_2\game_bl_2\dialogaboutprogram.cpp(48): warning C4311: приведение типов: усечение указателя из "HBRUSH" в "BOOL"
d:\visual studio\source\repos\game_bl_2\game_bl_2\dialogaboutprogram.cpp(48): warning C4302: приведение типов: усечение из "HBRUSH" к "BOOL"
d:\visual studio\source\repos\game_bl_2\game_bl_2\dialogaboutprogram.cpp(63): warning C4311: приведение типов: усечение указателя из "HGDIOBJ" в "int"
d:\visual studio\source\repos\game_bl_2\game_bl_2\dialogaboutprogram.cpp(63): warning C4302: приведение типов: усечение из "HGDIOBJ" к "int"
d:\visual studio\source\repos\game_bl_2\game_bl_2\dialogaboutprogram.cpp(75): warning C4311: приведение типов: усечение указателя из "HGDIOBJ" в "int"
d:\visual studio\source\repos\game_bl_2\game_bl_2\dialogaboutprogram.cpp(75): warning C4302: приведение типов: усечение из "HGDIOBJ" к "int"
  DialogAuthor.cpp
d:\visual studio\source\repos\game_bl_2\game_bl_2\dialogauthor.cpp(53): warning C4311: приведение типов: усечение указателя из "HBRUSH" в "BOOL"
d:\visual studio\source\repos\game_bl_2\game_bl_2\dialogauthor.cpp(53): warning C4302: приведение типов: усечение из "HBRUSH" к "BOOL"
d:\visual studio\source\repos\game_bl_2\game_bl_2\dialogauthor.cpp(89): warning C4311: приведение типов: усечение указателя из "HGDIOBJ" в "int"
d:\visual studio\source\repos\game_bl_2\game_bl_2\dialogauthor.cpp(89): warning C4302: приведение типов: усечение из "HGDIOBJ" к "int"
d:\visual studio\source\repos\game_bl_2\game_bl_2\dialogauthor.cpp(102): warning C4311: приведение типов: усечение указателя из "HGDIOBJ" в "int"
d:\visual studio\source\repos\game_bl_2\game_bl_2\dialogauthor.cpp(102): warning C4302: приведение типов: усечение из "HGDIOBJ" к "int"
  DialogEdit.cpp
  DialogMain.cpp
d:\visual studio\source\repos\game_bl_2\game_bl_2\dialogmain.cpp(80): warning C4244: инициализация: преобразование "LRESULT" в "BOOL", возможна потеря данных
  DialogRules.cpp
d:\visual studio\source\repos\game_bl_2\game_bl_2\dialogrules.cpp(49): warning C4311: приведение типов: усечение указателя из "HBRUSH" в "BOOL"
d:\visual studio\source\repos\game_bl_2\game_bl_2\dialogrules.cpp(49): warning C4302: приведение типов: усечение из "HBRUSH" к "BOOL"
d:\visual studio\source\repos\game_bl_2\game_bl_2\dialogrules.cpp(86): warning C4311: приведение типов: усечение указателя из "HGDIOBJ" в "int"
d:\visual studio\source\repos\game_bl_2\game_bl_2\dialogrules.cpp(86): warning C4302: приведение типов: усечение из "HGDIOBJ" к "int"
  Game.cpp
d:\visual studio\source\repos\game_bl_2\game_bl_2\newwind.h(18): warning C4312: приведение типов: преобразование из "UINT" в "LPCSTR" большего размера
d:\visual studio\source\repos\game_bl_2\game_bl_2\newwind.h(19): warning C4312: приведение типов: преобразование из "UINT" в "LPCSTR" большего размера
d:\visual studio\source\repos\game_bl_2\game_bl_2\newwind.h(20): warning C4312: приведение типов: преобразование из "UINT" в "HBRUSH" большего размера
d:\visual studio\source\repos\game_bl_2\game_bl_2\newwind.h(21): warning C4312: приведение типов: преобразование из "UINT" в "LPCSTR" большего размера
d:\visual studio\source\repos\game_bl_2\game_bl_2\newwind.h(23): warning C4312: приведение типов: преобразование из "UINT" в "LPCSTR" большего размера
d:\visual studio\source\repos\game_bl_2\game_bl_2\game.cpp(40): warning C4244: return: преобразование "WPARAM" в "int", возможна потеря данных
  WindMain.cpp
d:\visual studio\source\repos\game_bl_2\game_bl_2\windmain.cpp(112): warning C4244: аргумент: преобразование "double" в "int", возможна потеря данных
d:\visual studio\source\repos\game_bl_2\game_bl_2\windmain.cpp(118): warning C4244: аргумент: преобразование "double" в "int", возможна потеря данных
d:\visual studio\source\repos\game_bl_2\game_bl_2\windmain.cpp(129): warning C4244: аргумент: преобразование "double" в "int", возможна потеря данных
d:\visual studio\source\repos\game_bl_2\game_bl_2\windmain.cpp(133): warning C4244: аргумент: преобразование "double" в "int", возможна потеря данных
d:\visual studio\source\repos\game_bl_2\game_bl_2\windmain.cpp(208): warning C4244: аргумент: преобразование "double" в "int", возможна потеря данных
d:\visual studio\source\repos\game_bl_2\game_bl_2\windmain.cpp(214): warning C4244: аргумент: преобразование "double" в "int", возможна потеря данных
d:\visual studio\source\repos\game_bl_2\game_bl_2\windmain.cpp(220): warning C4244: аргумент: преобразование "double" в "int", возможна потеря данных
d:\visual studio\source\repos\game_bl_2\game_bl_2\windmain.cpp(324): warning C4244: =: преобразование "double" в "int", возможна потеря данных
d:\visual studio\source\repos\game_bl_2\game_bl_2\windmain.cpp(335): warning C4244: =: преобразование "double" в "int", возможна потеря данных
d:\visual studio\source\repos\game_bl_2\game_bl_2\windmain.cpp(336): warning C4244: =: преобразование "double" в "int", возможна потеря данных
d:\visual studio\source\repos\game_bl_2\game_bl_2\windmain.cpp(338): warning C4244: аргумент: преобразование "double" в "int", возможна потеря данных
d:\visual studio\source\repos\game_bl_2\game_bl_2\windmain.cpp(339): warning C4244: аргумент: преобразование "double" в "int", возможна потеря данных
d:\visual studio\source\repos\game_bl_2\game_bl_2\windmain.cpp(340): warning C4244: аргумент: преобразование "double" в "int", возможна потеря данных
d:\visual studio\source\repos\game_bl_2\game_bl_2\windmain.cpp(342): warning C4244: аргумент: преобразование "double" в "int", возможна потеря данных
d:\visual studio\source\repos\game_bl_2\game_bl_2\windmain.cpp(343): warning C4244: аргумент: преобразование "double" в "int", возможна потеря данных
d:\visual studio\source\repos\game_bl_2\game_bl_2\windmain.cpp(344): warning C4244: аргумент: преобразование "double" в "int", возможна потеря данных
d:\visual studio\source\repos\game_bl_2\game_bl_2\windmain.cpp(345): warning C4244: аргумент: преобразование "double" в "int", возможна потеря данных
d:\visual studio\source\repos\game_bl_2\game_bl_2\windmain.cpp(348): warning C4244: аргумент: преобразование "double" в "int", возможна потеря данных
d:\visual studio\source\repos\game_bl_2\game_bl_2\windmain.cpp(351): warning C4244: аргумент: преобразование "double" в "int", возможна потеря данных
d:\visual studio\source\repos\game_bl_2\game_bl_2\windmain.cpp(503): warning C4311: приведение типов: усечение указателя из "HGDIOBJ" в "int"
d:\visual studio\source\repos\game_bl_2\game_bl_2\windmain.cpp(503): warning C4302: приведение типов: усечение из "HGDIOBJ" к "int"
d:\visual studio\source\repos\game_bl_2\game_bl_2\windmain.cpp(516): warning C4311: приведение типов: усечение указателя из "HGDIOBJ" в "int"
d:\visual studio\source\repos\game_bl_2\game_bl_2\windmain.cpp(516): warning C4302: приведение типов: усечение из "HGDIOBJ" к "int"
d:\visual studio\source\repos\game_bl_2\game_bl_2\windmain.cpp(528): warning C4311: приведение типов: усечение указателя из "HGDIOBJ" в "int"
d:\visual studio\source\repos\game_bl_2\game_bl_2\windmain.cpp(528): warning C4302: приведение типов: усечение из "HGDIOBJ" к "int"
d:\visual studio\source\repos\game_bl_2\game_bl_2\windmain.cpp(541): warning C4311: приведение типов: усечение указателя из "HGDIOBJ" в "int"
d:\visual studio\source\repos\game_bl_2\game_bl_2\windmain.cpp(541): warning C4302: приведение типов: усечение из "HGDIOBJ" к "int"
d:\visual studio\source\repos\game_bl_2\game_bl_2\windmain.cpp(648): warning C4244: =: преобразование "double" в "int", возможна потеря данных
d:\visual studio\source\repos\game_bl_2\game_bl_2\windmain.cpp(680): warning C4477: "sprintf": в строке форматирования "%d" требуется аргумент типа "int", но вариативный аргумент "1" имеет тип "unsigned __int64"
  d:\visual studio\source\repos\game_bl_2\game_bl_2\windmain.cpp(680): note: рекомендуется использовать "%lld" в строке форматирования
  d:\visual studio\source\repos\game_bl_2\game_bl_2\windmain.cpp(680): note: рекомендуется использовать "%Id" в строке форматирования
  d:\visual studio\source\repos\game_bl_2\game_bl_2\windmain.cpp(680): note: рекомендуется использовать "%I64d" в строке форматирования
d:\visual studio\source\repos\game_bl_2\game_bl_2\windmain.cpp(720): warning C4477: "sprintf": в строке форматирования "%d" требуется аргумент типа "int", но вариативный аргумент "1" имеет тип "unsigned __int64"
  d:\visual studio\source\repos\game_bl_2\game_bl_2\windmain.cpp(720): note: рекомендуется использовать "%lld" в строке форматирования
  d:\visual studio\source\repos\game_bl_2\game_bl_2\windmain.cpp(720): note: рекомендуется использовать "%Id" в строке форматирования
  d:\visual studio\source\repos\game_bl_2\game_bl_2\windmain.cpp(720): note: рекомендуется использовать "%I64d" в строке форматирования
d:\visual studio\source\repos\game_bl_2\game_bl_2\windmain.cpp(759): warning C4477: "sprintf": в строке форматирования "%d" требуется аргумент типа "int", но вариативный аргумент "1" имеет тип "unsigned __int64"
  d:\visual studio\source\repos\game_bl_2\game_bl_2\windmain.cpp(759): note: рекомендуется использовать "%lld" в строке форматирования
  d:\visual studio\source\repos\game_bl_2\game_bl_2\windmain.cpp(759): note: рекомендуется использовать "%Id" в строке форматирования
  d:\visual studio\source\repos\game_bl_2\game_bl_2\windmain.cpp(759): note: рекомендуется использовать "%I64d" в строке форматирования
d:\visual studio\source\repos\game_bl_2\game_bl_2\windmain.cpp(798): warning C4477: "sprintf": в строке форматирования "%d" требуется аргумент типа "int", но вариативный аргумент "1" имеет тип "unsigned __int64"
  d:\visual studio\source\repos\game_bl_2\game_bl_2\windmain.cpp(798): note: рекомендуется использовать "%lld" в строке форматирования
  d:\visual studio\source\repos\game_bl_2\game_bl_2\windmain.cpp(798): note: рекомендуется использовать "%Id" в строке форматирования
  d:\visual studio\source\repos\game_bl_2\game_bl_2\windmain.cpp(798): note: рекомендуется использовать "%I64d" в строке форматирования
d:\visual studio\source\repos\game_bl_2\game_bl_2\windmain.cpp(990): warning C4244: return: преобразование "float" в "int", возможна потеря данных
d:\visual studio\source\repos\game_bl_2\game_bl_2\windmain.cpp(1113): warning C4244: return: преобразование "float" в "int", возможна потеря данных
d:\visual studio\source\repos\game_bl_2\game_bl_2\windmain.cpp(1136): warning C4477: "sprintf": в строке форматирования "%d" требуется аргумент типа "int", но вариативный аргумент "2" имеет тип "unsigned __int64"
  d:\visual studio\source\repos\game_bl_2\game_bl_2\windmain.cpp(1136): note: рекомендуется использовать "%lld" в строке форматирования
  d:\visual studio\source\repos\game_bl_2\game_bl_2\windmain.cpp(1136): note: рекомендуется использовать "%Id" в строке форматирования
  d:\visual studio\source\repos\game_bl_2\game_bl_2\windmain.cpp(1136): note: рекомендуется использовать "%I64d" в строке форматирования
d:\visual studio\source\repos\game_bl_2\game_bl_2\windmain.cpp(1146): warning C4477: "sprintf": в строке форматирования "%d" требуется аргумент типа "int", но вариативный аргумент "3" имеет тип "unsigned __int64"
  d:\visual studio\source\repos\game_bl_2\game_bl_2\windmain.cpp(1146): note: рекомендуется использовать "%lld" в строке форматирования
  d:\visual studio\source\repos\game_bl_2\game_bl_2\windmain.cpp(1146): note: рекомендуется использовать "%Id" в строке форматирования
  d:\visual studio\source\repos\game_bl_2\game_bl_2\windmain.cpp(1146): note: рекомендуется использовать "%I64d" в строке форматирования
d:\visual studio\source\repos\game_bl_2\game_bl_2\windmain.cpp(1161): warning C4244: аргумент: преобразование "time_t" в "unsigned int", возможна потеря данных
d:\visual studio\source\repos\game_bl_2\game_bl_2\windmain.cpp(1163): warning C4244: инициализация: преобразование "unsigned __int64" в "int", возможна потеря данных
d:\visual studio\source\repos\game_bl_2\game_bl_2\windmain.cpp(1167): warning C4244: инициализация: преобразование "unsigned __int64" в "int", возможна потеря данных
d:\visual studio\source\repos\game_bl_2\game_bl_2\windmain.cpp(1282): warning C4244: +=: преобразование "double" в "int", возможна потеря данных
  Создание кода...
  GAME_BL_2.vcxproj -> D:\Visual Studio\source\repos\GAME_BL_2\x64\Debug\GAME_BL_2.exe
