c:\users\nubun\source\repos\game_bl_2\game_bl_2\x64\debug\game_bl_2.pch
c:\users\nubun\source\repos\game_bl_2\game_bl_2\x64\debug\vc141.pdb
c:\users\nubun\source\repos\game_bl_2\game_bl_2\x64\debug\vc141.idb
c:\users\nubun\source\repos\game_bl_2\game_bl_2\x64\debug\stdafx.obj
c:\users\nubun\source\repos\game_bl_2\game_bl_2\x64\debug\windmain.obj
c:\users\nubun\source\repos\game_bl_2\game_bl_2\x64\debug\game.obj
c:\users\nubun\source\repos\game_bl_2\game_bl_2\x64\debug\dialogrules.obj
c:\users\nubun\source\repos\game_bl_2\game_bl_2\x64\debug\dialogmain.obj
c:\users\nubun\source\repos\game_bl_2\game_bl_2\x64\debug\dialogedit.obj
c:\users\nubun\source\repos\game_bl_2\game_bl_2\x64\debug\dialogauthor.obj
c:\users\nubun\source\repos\game_bl_2\game_bl_2\x64\debug\dialogaboutprogram.obj
d:\visual studio\source\repos\game_bl_2\game_bl_2\x64\debug\game_bl_2.pch
d:\visual studio\source\repos\game_bl_2\game_bl_2\x64\debug\vc141.pdb
d:\visual studio\source\repos\game_bl_2\game_bl_2\x64\debug\vc141.idb
d:\visual studio\source\repos\game_bl_2\game_bl_2\x64\debug\stdafx.obj
d:\visual studio\source\repos\game_bl_2\game_bl_2\x64\debug\windmain.obj
d:\visual studio\source\repos\game_bl_2\game_bl_2\x64\debug\game.obj
d:\visual studio\source\repos\game_bl_2\game_bl_2\x64\debug\dialogrules.obj
d:\visual studio\source\repos\game_bl_2\game_bl_2\x64\debug\dialogmain.obj
d:\visual studio\source\repos\game_bl_2\game_bl_2\x64\debug\dialogedit.obj
d:\visual studio\source\repos\game_bl_2\game_bl_2\x64\debug\dialogauthor.obj
d:\visual studio\source\repos\game_bl_2\game_bl_2\x64\debug\dialogaboutprogram.obj
c:\users\nubun\source\repos\game_bl_2\x64\debug\game_bl_2.ilk
c:\users\nubun\source\repos\game_bl_2\x64\debug\game_bl_2.exe
c:\users\nubun\source\repos\game_bl_2\x64\debug\game_bl_2.pdb
c:\users\nubun\source\repos\game_bl_2\game_bl_2\x64\debug\game_rc.res
d:\visual studio\source\repos\game_bl_2\game_bl_2\x64\debug\game_bl_2.tlog\cl.command.1.tlog
d:\visual studio\source\repos\game_bl_2\game_bl_2\x64\debug\game_bl_2.tlog\cl.read.1.tlog
d:\visual studio\source\repos\game_bl_2\game_bl_2\x64\debug\game_bl_2.tlog\cl.write.1.tlog
d:\visual studio\source\repos\game_bl_2\game_bl_2\x64\debug\game_bl_2.tlog\link.command.1.tlog
d:\visual studio\source\repos\game_bl_2\game_bl_2\x64\debug\game_bl_2.tlog\link.read.1.tlog
d:\visual studio\source\repos\game_bl_2\game_bl_2\x64\debug\game_bl_2.tlog\link.write.1.tlog
d:\visual studio\source\repos\game_bl_2\game_bl_2\x64\debug\game_bl_2.tlog\rc.command.1.tlog
d:\visual studio\source\repos\game_bl_2\game_bl_2\x64\debug\game_bl_2.tlog\rc.read.1.tlog
d:\visual studio\source\repos\game_bl_2\game_bl_2\x64\debug\game_bl_2.tlog\rc.write.1.tlog
